# JRE version: OpenJDK Runtime Environment (15.0+36) (build 15+36-1562)
# Java VM: OpenJDK 64-Bit Server VM (15+36-1562, mixed mode, tiered, compressed oops, g1 gc, windows-amd64)
GC Precious Log:
 CPUs: 32 total, 32 available
 Memory: 16070M
 Large Page Support: Disabled
 NUMA Support: Disabled
 Compressed Oops: Enabled (Zero based)
 Heap Region Size: 2M
 Heap Min Capacity: 8M
 Heap Initial Capacity: 252M
 Heap Max Capacity: 4018M
 Pre-touch: Disabled
 Parallel Workers: 23
 Concurrent Workers: 6
 Concurrent Refinement Workers: 23
 Periodic GC: Disabled
Heap:
 garbage-first heap   total 102400K, used 49397K [0x0000000704e00000, 0x0000000800000000)
  region size 2048K, 14 young (28672K), 4 survivors (8192K)
 Metaspace       used 72731K, capacity 73400K, committed 73600K, reserved 1114112K
  class space    used 9013K, capacity 9222K, committed 9344K, reserved 1048576K
GC Heap History (20 events):
Event: 0.886 GC heap before
{Heap before GC invocations=6 (full 0):
 garbage-first heap   total 155648K, used 95587K [0x0000000704e00000, 0x0000000800000000)
  region size 2048K, 45 young (92160K), 2 survivors (4096K)
 Metaspace       used 29569K, capacity 29903K, committed 30080K, reserved 1075200K
  class space    used 3479K, capacity 3602K, committed 3712K, reserved 1048576K
}
Event: 0.889 GC heap after
{Heap after GC invocations=7 (full 0):
 garbage-first heap   total 155648K, used 11704K [0x0000000704e00000, 0x0000000800000000)
  region size 2048K, 3 young (6144K), 3 survivors (6144K)
 Metaspace       used 29569K, capacity 29903K, committed 30080K, reserved 1075200K
  class space    used 3479K, capacity 3602K, committed 3712K, reserved 1048576K
}
Event: 1.160 GC heap before
{Heap before GC invocations=7 (full 0):
 garbage-first heap   total 155648K, used 60856K [0x0000000704e00000, 0x0000000800000000)
  region size 2048K, 29 young (59392K), 3 survivors (6144K)
 Metaspace       used 35313K, capacity 35790K, committed 35840K, reserved 1081344K
  class space    used 4299K, capacity 4467K, committed 4480K, reserved 1048576K
}
Event: 1.163 GC heap after
{Heap after GC invocations=8 (full 0):
 garbage-first heap   total 155648K, used 15240K [0x0000000704e00000, 0x0000000800000000)
  region size 2048K, 5 young (10240K), 5 survivors (10240K)
 Metaspace       used 35313K, capacity 35790K, committed 35840K, reserved 1081344K
  class space    used 4299K, capacity 4467K, committed 4480K, reserved 1048576K
}
Event: 1.237 GC heap before
{Heap before GC invocations=9 (full 0):
 garbage-first heap   total 69632K, used 64392K [0x0000000704e00000, 0x0000000800000000)
  region size 2048K, 30 young (61440K), 5 survivors (10240K)
 Metaspace       used 37184K, capacity 37614K, committed 37760K, reserved 1083392K
  class space    used 4489K, capacity 4627K, committed 4736K, reserved 1048576K
}
Event: 1.240 GC heap after
{Heap after GC invocations=10 (full 0):
 garbage-first heap   total 81920K, used 16814K [0x0000000704e00000, 0x0000000800000000)
  region size 2048K, 4 young (8192K), 4 survivors (8192K)
 Metaspace       used 37184K, capacity 37614K, committed 37760K, reserved 1083392K
  class space    used 4489K, capacity 4627K, committed 4736K, reserved 1048576K
}
Event: 1.249 GC heap before
{Heap before GC invocations=10 (full 0):
 garbage-first heap   total 81920K, used 55726K [0x0000000704e00000, 0x0000000800000000)
  region size 2048K, 24 young (49152K), 4 survivors (8192K)
 Metaspace       used 37184K, capacity 37614K, committed 37760K, reserved 1083392K
  class space    used 4489K, capacity 4627K, committed 4736K, reserved 1048576K
}
Event: 1.250 GC heap after
{Heap after GC invocations=11 (full 0):
 garbage-first heap   total 98304K, used 17332K [0x0000000704e00000, 0x0000000800000000)
  region size 2048K, 2 young (4096K), 2 survivors (4096K)
 Metaspace       used 37184K, capacity 37614K, committed 37760K, reserved 1083392K
  class space    used 4489K, capacity 4627K, committed 4736K, reserved 1048576K
}
Event: 1.515 GC heap before
{Heap before GC invocations=11 (full 0):
 garbage-first heap   total 98304K, used 70580K [0x0000000704e00000, 0x0000000800000000)
  region size 2048K, 28 young (57344K), 2 survivors (4096K)
 Metaspace       used 43396K, capacity 43949K, committed 44160K, reserved 1087488K
  class space    used 5297K, capacity 5458K, committed 5504K, reserved 1048576K
}
Event: 1.518 GC heap after
{Heap after GC invocations=12 (full 0):
 garbage-first heap   total 98304K, used 18642K [0x0000000704e00000, 0x0000000800000000)
  region size 2048K, 2 young (4096K), 2 survivors (4096K)
 Metaspace       used 43396K, capacity 43949K, committed 44160K, reserved 1087488K
  class space    used 5297K, capacity 5458K, committed 5504K, reserved 1048576K
}
Event: 1.773 GC heap before
{Heap before GC invocations=12 (full 0):
 garbage-first heap   total 98304K, used 71890K [0x0000000704e00000, 0x0000000800000000)
  region size 2048K, 28 young (57344K), 2 survivors (4096K)
 Metaspace       used 51550K, capacity 52057K, committed 52224K, reserved 1095680K
  class space    used 6425K, capacity 6581K, committed 6656K, reserved 1048576K
}
Event: 1.776 GC heap after
{Heap after GC invocations=13 (full 0):
 garbage-first heap   total 98304K, used 21451K [0x0000000704e00000, 0x0000000800000000)
  region size 2048K, 4 young (8192K), 4 survivors (8192K)
 Metaspace       used 51550K, capacity 52057K, committed 52224K, reserved 1095680K
  class space    used 6425K, capacity 6581K, committed 6656K, reserved 1048576K
}
Event: 2.018 GC heap before
{Heap before GC invocations=13 (full 0):
 garbage-first heap   total 98304K, used 70603K [0x0000000704e00000, 0x0000000800000000)
  region size 2048K, 28 young (57344K), 4 survivors (8192K)
 Metaspace       used 57788K, capacity 58345K, committed 58624K, reserved 1099776K
  class space    used 7364K, capacity 7560K, committed 7680K, reserved 1048576K
}
Event: 2.021 GC heap after
{Heap after GC invocations=14 (full 0):
 garbage-first heap   total 98304K, used 24455K [0x0000000704e00000, 0x0000000800000000)
  region size 2048K, 3 young (6144K), 3 survivors (6144K)
 Metaspace       used 57788K, capacity 58345K, committed 58624K, reserved 1099776K
  class space    used 7364K, capacity 7560K, committed 7680K, reserved 1048576K
}
Event: 2.079 GC heap before
{Heap before GC invocations=14 (full 0):
 garbage-first heap   total 98304K, used 34695K [0x0000000704e00000, 0x0000000800000000)
  region size 2048K, 9 young (18432K), 3 survivors (6144K)
 Metaspace       used 59459K, capacity 60044K, committed 60160K, reserved 1101824K
  class space    used 7588K, capacity 7785K, committed 7808K, reserved 1048576K
}
Event: 2.082 GC heap after
{Heap after GC invocations=15 (full 0):
 garbage-first heap   total 118784K, used 25137K [0x0000000704e00000, 0x0000000800000000)
  region size 2048K, 2 young (4096K), 2 survivors (4096K)
 Metaspace       used 59459K, capacity 60044K, committed 60160K, reserved 1101824K
  class space    used 7588K, capacity 7785K, committed 7808K, reserved 1048576K
}
Event: 14.756 GC heap before
{Heap before GC invocations=16 (full 0):
 garbage-first heap   total 102400K, used 82481K [0x0000000704e00000, 0x0000000800000000)
  region size 2048K, 30 young (61440K), 2 survivors (4096K)
 Metaspace       used 63693K, capacity 64335K, committed 64512K, reserved 1105920K
  class space    used 8194K, capacity 8419K, committed 8448K, reserved 1048576K
}
Event: 14.762 GC heap after
{Heap after GC invocations=17 (full 0):
 garbage-first heap   total 102400K, used 28068K [0x0000000704e00000, 0x0000000800000000)
  region size 2048K, 4 young (8192K), 4 survivors (8192K)
 Metaspace       used 63693K, capacity 64335K, committed 64512K, reserved 1105920K
  class space    used 8194K, capacity 8419K, committed 8448K, reserved 1048576K
}
Event: 15.325 GC heap before
{Heap before GC invocations=17 (full 0):
 garbage-first heap   total 102400K, used 77220K [0x0000000704e00000, 0x0000000800000000)
  region size 2048K, 29 young (59392K), 4 survivors (8192K)
 Metaspace       used 71120K, capacity 71727K, committed 71936K, reserved 1112064K
  class space    used 8868K, capacity 9091K, committed 9216K, reserved 1048576K
}
Event: 15.328 GC heap after
{Heap after GC invocations=18 (full 0):
 garbage-first heap   total 102400K, used 30965K [0x0000000704e00000, 0x0000000800000000)
  region size 2048K, 4 young (8192K), 4 survivors (8192K)
 Metaspace       used 71120K, capacity 71727K, committed 71936K, reserved 1112064K
  class space    used 8868K, capacity 9091K, committed 9216K, reserved 1048576K
}

