# JRE version: OpenJDK Runtime Environment (15.0+36) (build 15+36-1562)
# Java VM: OpenJDK 64-Bit Server VM (15+36-1562, mixed mode, tiered, compressed oops, g1 gc, windows-amd64)
GC Precious Log:
 CPUs: 32 total, 32 available
 Memory: 16070M
 Large Page Support: Disabled
 NUMA Support: Disabled
 Compressed Oops: Enabled (Zero based)
 Heap Region Size: 2M
 Heap Min Capacity: 8M
 Heap Initial Capacity: 252M
 Heap Max Capacity: 4018M
 Pre-touch: Disabled
 Parallel Workers: 23
 Concurrent Workers: 6
 Concurrent Refinement Workers: 23
 Periodic GC: Disabled
Heap:
 garbage-first heap   total 102400K, used 55553K [0x0000000704e00000, 0x0000000800000000)
  region size 2048K, 17 young (34816K), 4 survivors (8192K)
 Metaspace       used 72766K, capacity 73391K, committed 73600K, reserved 1114112K
  class space    used 9013K, capacity 9220K, committed 9344K, reserved 1048576K
GC Heap History (20 events):
Event: 0.905 GC heap before
{Heap before GC invocations=6 (full 0):
 garbage-first heap   total 155648K, used 95538K [0x0000000704e00000, 0x0000000800000000)
  region size 2048K, 45 young (92160K), 2 survivors (4096K)
 Metaspace       used 29930K, capacity 30301K, committed 30592K, reserved 1077248K
  class space    used 3543K, capacity 3668K, committed 3712K, reserved 1048576K
}
Event: 0.908 GC heap after
{Heap after GC invocations=7 (full 0):
 garbage-first heap   total 155648K, used 11866K [0x0000000704e00000, 0x0000000800000000)
  region size 2048K, 3 young (6144K), 3 survivors (6144K)
 Metaspace       used 29930K, capacity 30301K, committed 30592K, reserved 1077248K
  class space    used 3543K, capacity 3668K, committed 3712K, reserved 1048576K
}
Event: 1.138 GC heap before
{Heap before GC invocations=7 (full 0):
 garbage-first heap   total 155648K, used 58970K [0x0000000704e00000, 0x0000000800000000)
  region size 2048K, 27 young (55296K), 3 survivors (6144K)
 Metaspace       used 35311K, capacity 35790K, committed 35840K, reserved 1081344K
  class space    used 4304K, capacity 4467K, committed 4480K, reserved 1048576K
}
Event: 1.142 GC heap after
{Heap after GC invocations=8 (full 0):
 garbage-first heap   total 155648K, used 15007K [0x0000000704e00000, 0x0000000800000000)
  region size 2048K, 5 young (10240K), 5 survivors (10240K)
 Metaspace       used 35311K, capacity 35790K, committed 35840K, reserved 1081344K
  class space    used 4304K, capacity 4467K, committed 4480K, reserved 1048576K
}
Event: 1.217 GC heap before
{Heap before GC invocations=9 (full 0):
 garbage-first heap   total 69632K, used 64159K [0x0000000704e00000, 0x0000000800000000)
  region size 2048K, 30 young (61440K), 5 survivors (10240K)
 Metaspace       used 37167K, capacity 37614K, committed 37760K, reserved 1083392K
  class space    used 4489K, capacity 4627K, committed 4736K, reserved 1048576K
}
Event: 1.220 GC heap after
{Heap after GC invocations=10 (full 0):
 garbage-first heap   total 81920K, used 16805K [0x0000000704e00000, 0x0000000800000000)
  region size 2048K, 4 young (8192K), 4 survivors (8192K)
 Metaspace       used 37167K, capacity 37614K, committed 37760K, reserved 1083392K
  class space    used 4489K, capacity 4627K, committed 4736K, reserved 1048576K
}
Event: 1.229 GC heap before
{Heap before GC invocations=10 (full 0):
 garbage-first heap   total 81920K, used 55717K [0x0000000704e00000, 0x0000000800000000)
  region size 2048K, 24 young (49152K), 4 survivors (8192K)
 Metaspace       used 37175K, capacity 37614K, committed 37760K, reserved 1083392K
  class space    used 4490K, capacity 4627K, committed 4736K, reserved 1048576K
}
Event: 1.230 GC heap after
{Heap after GC invocations=11 (full 0):
 garbage-first heap   total 98304K, used 17098K [0x0000000704e00000, 0x0000000800000000)
  region size 2048K, 2 young (4096K), 2 survivors (4096K)
 Metaspace       used 37175K, capacity 37614K, committed 37760K, reserved 1083392K
  class space    used 4490K, capacity 4627K, committed 4736K, reserved 1048576K
}
Event: 1.487 GC heap before
{Heap before GC invocations=11 (full 0):
 garbage-first heap   total 98304K, used 70346K [0x0000000704e00000, 0x0000000800000000)
  region size 2048K, 28 young (57344K), 2 survivors (4096K)
 Metaspace       used 43380K, capacity 43949K, committed 44160K, reserved 1087488K
  class space    used 5296K, capacity 5458K, committed 5504K, reserved 1048576K
}
Event: 1.490 GC heap after
{Heap after GC invocations=12 (full 0):
 garbage-first heap   total 98304K, used 18548K [0x0000000704e00000, 0x0000000800000000)
  region size 2048K, 2 young (4096K), 2 survivors (4096K)
 Metaspace       used 43380K, capacity 43949K, committed 44160K, reserved 1087488K
  class space    used 5296K, capacity 5458K, committed 5504K, reserved 1048576K
}
Event: 1.738 GC heap before
{Heap before GC invocations=12 (full 0):
 garbage-first heap   total 98304K, used 69748K [0x0000000704e00000, 0x0000000800000000)
  region size 2048K, 28 young (57344K), 2 survivors (4096K)
 Metaspace       used 51372K, capacity 51929K, committed 52224K, reserved 1095680K
  class space    used 6419K, capacity 6581K, committed 6656K, reserved 1048576K
}
Event: 1.741 GC heap after
{Heap after GC invocations=13 (full 0):
 garbage-first heap   total 98304K, used 21309K [0x0000000704e00000, 0x0000000800000000)
  region size 2048K, 4 young (8192K), 4 survivors (8192K)
 Metaspace       used 51372K, capacity 51929K, committed 52224K, reserved 1095680K
  class space    used 6419K, capacity 6581K, committed 6656K, reserved 1048576K
}
Event: 2.002 GC heap before
{Heap before GC invocations=13 (full 0):
 garbage-first heap   total 98304K, used 70461K [0x0000000704e00000, 0x0000000800000000)
  region size 2048K, 28 young (57344K), 4 survivors (8192K)
 Metaspace       used 57741K, capacity 58345K, committed 58624K, reserved 1099776K
  class space    used 7358K, capacity 7560K, committed 7680K, reserved 1048576K
}
Event: 2.006 GC heap after
{Heap after GC invocations=14 (full 0):
 garbage-first heap   total 98304K, used 24111K [0x0000000704e00000, 0x0000000800000000)
  region size 2048K, 3 young (6144K), 3 survivors (6144K)
 Metaspace       used 57741K, capacity 58345K, committed 58624K, reserved 1099776K
  class space    used 7358K, capacity 7560K, committed 7680K, reserved 1048576K
}
Event: 2.068 GC heap before
{Heap before GC invocations=14 (full 0):
 garbage-first heap   total 98304K, used 32303K [0x0000000704e00000, 0x0000000800000000)
  region size 2048K, 9 young (18432K), 3 survivors (6144K)
 Metaspace       used 59457K, capacity 60044K, committed 60160K, reserved 1101824K
  class space    used 7589K, capacity 7785K, committed 7808K, reserved 1048576K
}
Event: 2.071 GC heap after
{Heap after GC invocations=15 (full 0):
 garbage-first heap   total 118784K, used 24900K [0x0000000704e00000, 0x0000000800000000)
  region size 2048K, 2 young (4096K), 2 survivors (4096K)
 Metaspace       used 59457K, capacity 60044K, committed 60160K, reserved 1101824K
  class space    used 7589K, capacity 7785K, committed 7808K, reserved 1048576K
}
Event: 5.649 GC heap before
{Heap before GC invocations=16 (full 0):
 garbage-first heap   total 102400K, used 82244K [0x0000000704e00000, 0x0000000800000000)
  region size 2048K, 30 young (61440K), 2 survivors (4096K)
 Metaspace       used 63960K, capacity 64614K, committed 64896K, reserved 1105920K
  class space    used 8220K, capacity 8449K, committed 8576K, reserved 1048576K
}
Event: 5.651 GC heap after
{Heap after GC invocations=17 (full 0):
 garbage-first heap   total 102400K, used 28065K [0x0000000704e00000, 0x0000000800000000)
  region size 2048K, 4 young (8192K), 4 survivors (8192K)
 Metaspace       used 63960K, capacity 64614K, committed 64896K, reserved 1105920K
  class space    used 8220K, capacity 8449K, committed 8576K, reserved 1048576K
}
Event: 5.934 GC heap before
{Heap before GC invocations=17 (full 0):
 garbage-first heap   total 102400K, used 77217K [0x0000000704e00000, 0x0000000800000000)
  region size 2048K, 29 young (59392K), 4 survivors (8192K)
 Metaspace       used 71332K, capacity 72006K, committed 72192K, reserved 1112064K
  class space    used 8897K, capacity 9121K, committed 9216K, reserved 1048576K
}
Event: 5.937 GC heap after
{Heap after GC invocations=18 (full 0):
 garbage-first heap   total 102400K, used 30977K [0x0000000704e00000, 0x0000000800000000)
  region size 2048K, 4 young (8192K), 4 survivors (8192K)
 Metaspace       used 71332K, capacity 72006K, committed 72192K, reserved 1112064K
  class space    used 8897K, capacity 9121K, committed 9216K, reserved 1048576K
}

