# JRE version: OpenJDK Runtime Environment (15.0+36) (build 15+36-1562)
# Java VM: OpenJDK 64-Bit Server VM (15+36-1562, mixed mode, tiered, compressed oops, g1 gc, windows-amd64)
GC Precious Log:
 CPUs: 32 total, 32 available
 Memory: 16070M
 Large Page Support: Disabled
 NUMA Support: Disabled
 Compressed Oops: Enabled (Zero based)
 Heap Region Size: 2M
 Heap Min Capacity: 8M
 Heap Initial Capacity: 252M
 Heap Max Capacity: 4018M
 Pre-touch: Disabled
 Parallel Workers: 23
 Concurrent Workers: 6
 Concurrent Refinement Workers: 23
 Periodic GC: Disabled
Heap:
 garbage-first heap   total 102400K, used 53586K [0x0000000704e00000, 0x0000000800000000)
  region size 2048K, 17 young (34816K), 4 survivors (8192K)
 Metaspace       used 72500K, capacity 73215K, committed 73344K, reserved 1114112K
  class space    used 9004K, capacity 9223K, committed 9344K, reserved 1048576K
GC Heap History (20 events):
Event: 0.878 GC heap before
{Heap before GC invocations=6 (full 0):
 garbage-first heap   total 155648K, used 96027K [0x0000000704e00000, 0x0000000800000000)
  region size 2048K, 45 young (92160K), 2 survivors (4096K)
 Metaspace       used 29827K, capacity 30202K, committed 30336K, reserved 1075200K
  class space    used 3517K, capacity 3635K, committed 3712K, reserved 1048576K
}
Event: 0.880 GC heap after
{Heap after GC invocations=7 (full 0):
 garbage-first heap   total 155648K, used 12311K [0x0000000704e00000, 0x0000000800000000)
  region size 2048K, 3 young (6144K), 3 survivors (6144K)
 Metaspace       used 29827K, capacity 30202K, committed 30336K, reserved 1075200K
  class space    used 3517K, capacity 3635K, committed 3712K, reserved 1048576K
}
Event: 1.132 GC heap before
{Heap before GC invocations=7 (full 0):
 garbage-first heap   total 155648K, used 61463K [0x0000000704e00000, 0x0000000800000000)
  region size 2048K, 28 young (57344K), 3 survivors (6144K)
 Metaspace       used 35330K, capacity 35790K, committed 35840K, reserved 1081344K
  class space    used 4306K, capacity 4467K, committed 4480K, reserved 1048576K
}
Event: 1.135 GC heap after
{Heap after GC invocations=8 (full 0):
 garbage-first heap   total 155648K, used 15533K [0x0000000704e00000, 0x0000000800000000)
  region size 2048K, 5 young (10240K), 5 survivors (10240K)
 Metaspace       used 35330K, capacity 35790K, committed 35840K, reserved 1081344K
  class space    used 4306K, capacity 4467K, committed 4480K, reserved 1048576K
}
Event: 1.210 GC heap before
{Heap before GC invocations=9 (full 0):
 garbage-first heap   total 69632K, used 64685K [0x0000000704e00000, 0x0000000800000000)
  region size 2048K, 30 young (61440K), 5 survivors (10240K)
 Metaspace       used 37190K, capacity 37614K, committed 37760K, reserved 1083392K
  class space    used 4489K, capacity 4627K, committed 4736K, reserved 1048576K
}
Event: 1.214 GC heap after
{Heap after GC invocations=10 (full 0):
 garbage-first heap   total 81920K, used 17039K [0x0000000704e00000, 0x0000000800000000)
  region size 2048K, 4 young (8192K), 4 survivors (8192K)
 Metaspace       used 37190K, capacity 37614K, committed 37760K, reserved 1083392K
  class space    used 4489K, capacity 4627K, committed 4736K, reserved 1048576K
}
Event: 1.222 GC heap before
{Heap before GC invocations=10 (full 0):
 garbage-first heap   total 81920K, used 55951K [0x0000000704e00000, 0x0000000800000000)
  region size 2048K, 24 young (49152K), 4 survivors (8192K)
 Metaspace       used 37190K, capacity 37614K, committed 37760K, reserved 1083392K
  class space    used 4489K, capacity 4627K, committed 4736K, reserved 1048576K
}
Event: 1.224 GC heap after
{Heap after GC invocations=11 (full 0):
 garbage-first heap   total 98304K, used 17630K [0x0000000704e00000, 0x0000000800000000)
  region size 2048K, 2 young (4096K), 2 survivors (4096K)
 Metaspace       used 37190K, capacity 37614K, committed 37760K, reserved 1083392K
  class space    used 4489K, capacity 4627K, committed 4736K, reserved 1048576K
}
Event: 1.492 GC heap before
{Heap before GC invocations=11 (full 0):
 garbage-first heap   total 98304K, used 70878K [0x0000000704e00000, 0x0000000800000000)
  region size 2048K, 28 young (57344K), 2 survivors (4096K)
 Metaspace       used 43390K, capacity 43949K, committed 44160K, reserved 1087488K
  class space    used 5297K, capacity 5458K, committed 5504K, reserved 1048576K
}
Event: 1.495 GC heap after
{Heap after GC invocations=12 (full 0):
 garbage-first heap   total 98304K, used 18977K [0x0000000704e00000, 0x0000000800000000)
  region size 2048K, 2 young (4096K), 2 survivors (4096K)
 Metaspace       used 43390K, capacity 43949K, committed 44160K, reserved 1087488K
  class space    used 5297K, capacity 5458K, committed 5504K, reserved 1048576K
}
Event: 1.745 GC heap before
{Heap before GC invocations=12 (full 0):
 garbage-first heap   total 98304K, used 70177K [0x0000000704e00000, 0x0000000800000000)
  region size 2048K, 28 young (57344K), 2 survivors (4096K)
 Metaspace       used 51515K, capacity 52057K, committed 52224K, reserved 1095680K
  class space    used 6424K, capacity 6581K, committed 6656K, reserved 1048576K
}
Event: 1.748 GC heap after
{Heap after GC invocations=13 (full 0):
 garbage-first heap   total 98304K, used 21890K [0x0000000704e00000, 0x0000000800000000)
  region size 2048K, 4 young (8192K), 4 survivors (8192K)
 Metaspace       used 51515K, capacity 52057K, committed 52224K, reserved 1095680K
  class space    used 6424K, capacity 6581K, committed 6656K, reserved 1048576K
}
Event: 1.989 GC heap before
{Heap before GC invocations=13 (full 0):
 garbage-first heap   total 98304K, used 71042K [0x0000000704e00000, 0x0000000800000000)
  region size 2048K, 28 young (57344K), 4 survivors (8192K)
 Metaspace       used 57767K, capacity 58345K, committed 58624K, reserved 1099776K
  class space    used 7363K, capacity 7560K, committed 7680K, reserved 1048576K
}
Event: 1.992 GC heap after
{Heap after GC invocations=14 (full 0):
 garbage-first heap   total 98304K, used 24542K [0x0000000704e00000, 0x0000000800000000)
  region size 2048K, 3 young (6144K), 3 survivors (6144K)
 Metaspace       used 57767K, capacity 58345K, committed 58624K, reserved 1099776K
  class space    used 7363K, capacity 7560K, committed 7680K, reserved 1048576K
}
Event: 2.051 GC heap before
{Heap before GC invocations=14 (full 0):
 garbage-first heap   total 98304K, used 34782K [0x0000000704e00000, 0x0000000800000000)
  region size 2048K, 9 young (18432K), 3 survivors (6144K)
 Metaspace       used 59448K, capacity 60044K, committed 60160K, reserved 1101824K
  class space    used 7589K, capacity 7785K, committed 7808K, reserved 1048576K
}
Event: 2.054 GC heap after
{Heap after GC invocations=15 (full 0):
 garbage-first heap   total 118784K, used 25562K [0x0000000704e00000, 0x0000000800000000)
  region size 2048K, 2 young (4096K), 2 survivors (4096K)
 Metaspace       used 59448K, capacity 60044K, committed 60160K, reserved 1101824K
  class space    used 7589K, capacity 7785K, committed 7808K, reserved 1048576K
}
Event: 9.886 GC heap before
{Heap before GC invocations=16 (full 0):
 garbage-first heap   total 102400K, used 82906K [0x0000000704e00000, 0x0000000800000000)
  region size 2048K, 30 young (61440K), 2 survivors (4096K)
 Metaspace       used 63466K, capacity 64108K, committed 64256K, reserved 1105920K
  class space    used 8173K, capacity 8386K, committed 8448K, reserved 1048576K
}
Event: 9.889 GC heap after
{Heap after GC invocations=17 (full 0):
 garbage-first heap   total 102400K, used 28606K [0x0000000704e00000, 0x0000000800000000)
  region size 2048K, 4 young (8192K), 4 survivors (8192K)
 Metaspace       used 63466K, capacity 64108K, committed 64256K, reserved 1105920K
  class space    used 8173K, capacity 8386K, committed 8448K, reserved 1048576K
}
Event: 10.426 GC heap before
{Heap before GC invocations=17 (full 0):
 garbage-first heap   total 102400K, used 77758K [0x0000000704e00000, 0x0000000800000000)
  region size 2048K, 29 young (59392K), 4 survivors (8192K)
 Metaspace       used 70960K, capacity 71660K, committed 71936K, reserved 1112064K
  class space    used 8854K, capacity 9090K, committed 9216K, reserved 1048576K
}
Event: 10.431 GC heap after
{Heap after GC invocations=18 (full 0):
 garbage-first heap   total 102400K, used 31058K [0x0000000704e00000, 0x0000000800000000)
  region size 2048K, 4 young (8192K), 4 survivors (8192K)
 Metaspace       used 70960K, capacity 71660K, committed 71936K, reserved 1112064K
  class space    used 8854K, capacity 9090K, committed 9216K, reserved 1048576K
}

