# JRE version: OpenJDK Runtime Environment (15.0+36) (build 15+36-1562)
# Java VM: OpenJDK 64-Bit Server VM (15+36-1562, mixed mode, tiered, compressed oops, g1 gc, windows-amd64)
GC Precious Log:
 CPUs: 32 total, 32 available
 Memory: 16070M
 Large Page Support: Disabled
 NUMA Support: Disabled
 Compressed Oops: Enabled (Zero based)
 Heap Region Size: 2M
 Heap Min Capacity: 8M
 Heap Initial Capacity: 252M
 Heap Max Capacity: 4018M
 Pre-touch: Disabled
 Parallel Workers: 23
 Concurrent Workers: 6
 Concurrent Refinement Workers: 23
 Periodic GC: Disabled
Heap:
 garbage-first heap   total 98304K, used 69714K [0x0000000704e00000, 0x0000000800000000)
  region size 2048K, 25 young (51200K), 4 survivors (8192K)
 Metaspace       used 72765K, capacity 73492K, committed 73636K, reserved 1114112K
  class space    used 8990K, capacity 9214K, committed 9216K, reserved 1048576K
GC Heap History (20 events):
Event: 1.634 GC heap before
{Heap before GC invocations=10 (full 0):
 garbage-first heap   total 49152K, used 34563K [0x0000000704e00000, 0x0000000800000000)
  region size 2048K, 12 young (24576K), 1 survivors (2048K)
 Metaspace       used 31091K, capacity 31491K, committed 31744K, reserved 1077248K
  class space    used 3715K, capacity 3829K, committed 3840K, reserved 1048576K
}
Event: 1.635 GC heap after
{Heap after GC invocations=11 (full 0):
 garbage-first heap   total 49152K, used 12966K [0x0000000704e00000, 0x0000000800000000)
  region size 2048K, 2 young (4096K), 2 survivors (4096K)
 Metaspace       used 31091K, capacity 31491K, committed 31744K, reserved 1077248K
  class space    used 3715K, capacity 3829K, committed 3840K, reserved 1048576K
}
Event: 1.755 GC heap before
{Heap before GC invocations=11 (full 0):
 garbage-first heap   total 49152K, used 33446K [0x0000000704e00000, 0x0000000800000000)
  region size 2048K, 12 young (24576K), 2 survivors (4096K)
 Metaspace       used 33210K, capacity 33633K, committed 33920K, reserved 1079296K
  class space    used 4037K, capacity 4172K, committed 4224K, reserved 1048576K
}
Event: 1.758 GC heap after
{Heap after GC invocations=12 (full 0):
 garbage-first heap   total 49152K, used 14682K [0x0000000704e00000, 0x0000000800000000)
  region size 2048K, 2 young (4096K), 2 survivors (4096K)
 Metaspace       used 33210K, capacity 33633K, committed 33920K, reserved 1079296K
  class space    used 4037K, capacity 4172K, committed 4224K, reserved 1048576K
}
Event: 1.900 GC heap before
{Heap before GC invocations=12 (full 0):
 garbage-first heap   total 49152K, used 33114K [0x0000000704e00000, 0x0000000800000000)
  region size 2048K, 12 young (24576K), 2 survivors (4096K)
 Metaspace       used 35452K, capacity 35918K, committed 35968K, reserved 1081344K
  class space    used 4326K, capacity 4467K, committed 4480K, reserved 1048576K
}
Event: 1.902 GC heap after
{Heap after GC invocations=13 (full 0):
 garbage-first heap   total 49152K, used 16191K [0x0000000704e00000, 0x0000000800000000)
  region size 2048K, 2 young (4096K), 2 survivors (4096K)
 Metaspace       used 35452K, capacity 35918K, committed 35968K, reserved 1081344K
  class space    used 4326K, capacity 4467K, committed 4480K, reserved 1048576K
}
Event: 1.904 GC heap before
{Heap before GC invocations=13 (full 0):
 garbage-first heap   total 49152K, used 32575K [0x0000000704e00000, 0x0000000800000000)
  region size 2048K, 11 young (22528K), 2 survivors (4096K)
 Metaspace       used 35452K, capacity 35918K, committed 35968K, reserved 1081344K
  class space    used 4326K, capacity 4467K, committed 4480K, reserved 1048576K
}
Event: 1.906 GC heap after
{Heap after GC invocations=14 (full 0):
 garbage-first heap   total 153600K, used 16356K [0x0000000704e00000, 0x0000000800000000)
  region size 2048K, 1 young (2048K), 1 survivors (2048K)
 Metaspace       used 35452K, capacity 35918K, committed 35968K, reserved 1081344K
  class space    used 4326K, capacity 4467K, committed 4480K, reserved 1048576K
}
Event: 2.160 GC heap before
{Heap before GC invocations=14 (full 0):
 garbage-first heap   total 153600K, used 104420K [0x0000000704e00000, 0x0000000800000000)
  region size 2048K, 45 young (92160K), 1 survivors (2048K)
 Metaspace       used 39431K, capacity 39948K, committed 40320K, reserved 1085440K
  class space    used 4738K, capacity 4874K, committed 4992K, reserved 1048576K
}
Event: 2.161 GC heap after
{Heap after GC invocations=15 (full 0):
 garbage-first heap   total 153600K, used 18245K [0x0000000704e00000, 0x0000000800000000)
  region size 2048K, 2 young (4096K), 2 survivors (4096K)
 Metaspace       used 39431K, capacity 39948K, committed 40320K, reserved 1085440K
  class space    used 4738K, capacity 4874K, committed 4992K, reserved 1048576K
}
Event: 2.394 GC heap before
{Heap before GC invocations=15 (full 0):
 garbage-first heap   total 153600K, used 57157K [0x0000000704e00000, 0x0000000800000000)
  region size 2048K, 22 young (45056K), 2 survivors (4096K)
 Metaspace       used 44419K, capacity 44947K, committed 45016K, reserved 1089536K
  class space    used 5466K, capacity 5619K, committed 5632K, reserved 1048576K
}
Event: 2.397 GC heap after
{Heap after GC invocations=16 (full 0):
 garbage-first heap   total 153600K, used 19772K [0x0000000704e00000, 0x0000000800000000)
  region size 2048K, 3 young (6144K), 3 survivors (6144K)
 Metaspace       used 44419K, capacity 44947K, committed 45016K, reserved 1089536K
  class space    used 5466K, capacity 5619K, committed 5632K, reserved 1048576K
}
Event: 2.654 GC heap before
{Heap before GC invocations=17 (full 0):
 garbage-first heap   total 81920K, used 62780K [0x0000000704e00000, 0x0000000800000000)
  region size 2048K, 24 young (49152K), 3 survivors (6144K)
 Metaspace       used 50882K, capacity 51417K, committed 51492K, reserved 1093632K
  class space    used 6374K, capacity 6517K, committed 6528K, reserved 1048576K
}
Event: 2.657 GC heap after
{Heap after GC invocations=18 (full 0):
 garbage-first heap   total 81920K, used 22402K [0x0000000704e00000, 0x0000000800000000)
  region size 2048K, 3 young (6144K), 3 survivors (6144K)
 Metaspace       used 50882K, capacity 51417K, committed 51492K, reserved 1093632K
  class space    used 6374K, capacity 6517K, committed 6528K, reserved 1048576K
}
Event: 2.882 GC heap before
{Heap before GC invocations=18 (full 0):
 garbage-first heap   total 81920K, used 63362K [0x0000000704e00000, 0x0000000800000000)
  region size 2048K, 23 young (47104K), 3 survivors (6144K)
 Metaspace       used 56456K, capacity 57025K, committed 57252K, reserved 1099776K
  class space    used 7224K, capacity 7397K, committed 7424K, reserved 1048576K
}
Event: 2.885 GC heap after
{Heap after GC invocations=19 (full 0):
 garbage-first heap   total 98304K, used 24429K [0x0000000704e00000, 0x0000000800000000)
  region size 2048K, 3 young (6144K), 3 survivors (6144K)
 Metaspace       used 56456K, capacity 57025K, committed 57252K, reserved 1099776K
  class space    used 7224K, capacity 7397K, committed 7424K, reserved 1048576K
}
Event: 3.201 GC heap before
{Heap before GC invocations=19 (full 0):
 garbage-first heap   total 98304K, used 75629K [0x0000000704e00000, 0x0000000800000000)
  region size 2048K, 28 young (57344K), 3 survivors (6144K)
 Metaspace       used 61666K, capacity 62238K, committed 62372K, reserved 1103872K
  class space    used 7911K, capacity 8110K, committed 8192K, reserved 1048576K
}
Event: 3.205 GC heap after
{Heap after GC invocations=20 (full 0):
 garbage-first heap   total 98304K, used 27801K [0x0000000704e00000, 0x0000000800000000)
  region size 2048K, 3 young (6144K), 3 survivors (6144K)
 Metaspace       used 61666K, capacity 62238K, committed 62372K, reserved 1103872K
  class space    used 7911K, capacity 8110K, committed 8192K, reserved 1048576K
}
Event: 11.279 GC heap before
{Heap before GC invocations=20 (full 0):
 garbage-first heap   total 98304K, used 74905K [0x0000000704e00000, 0x0000000800000000)
  region size 2048K, 27 young (55296K), 3 survivors (6144K)
 Metaspace       used 67283K, capacity 67915K, committed 68004K, reserved 1107968K
  class space    used 8495K, capacity 8699K, committed 8704K, reserved 1048576K
}
Event: 11.282 GC heap after
{Heap after GC invocations=21 (full 0):
 garbage-first heap   total 98304K, used 30802K [0x0000000704e00000, 0x0000000800000000)
  region size 2048K, 4 young (8192K), 4 survivors (8192K)
 Metaspace       used 67283K, capacity 67915K, committed 68004K, reserved 1107968K
  class space    used 8495K, capacity 8699K, committed 8704K, reserved 1048576K
}

