# JRE version: OpenJDK Runtime Environment (15.0+36) (build 15+36-1562)
# Java VM: OpenJDK 64-Bit Server VM (15+36-1562, mixed mode, tiered, compressed oops, g1 gc, windows-amd64)
GC Precious Log:
 CPUs: 32 total, 32 available
 Memory: 16070M
 Large Page Support: Disabled
 NUMA Support: Disabled
 Compressed Oops: Enabled (Zero based)
 Heap Region Size: 2M
 Heap Min Capacity: 8M
 Heap Initial Capacity: 252M
 Heap Max Capacity: 4018M
 Pre-touch: Disabled
 Parallel Workers: 23
 Concurrent Workers: 6
 Concurrent Refinement Workers: 23
 Periodic GC: Disabled
Heap:
 garbage-first heap   total 102400K, used 58828K [0x0000000704e00000, 0x0000000800000000)
  region size 2048K, 17 young (34816K), 2 survivors (4096K)
 Metaspace       used 73730K, capacity 74583K, committed 74752K, reserved 1114112K
  class space    used 9158K, capacity 9409K, committed 9472K, reserved 1048576K
GC Heap History (20 events):
Event: 1.970 GC heap before
{Heap before GC invocations=11 (full 0):
 garbage-first heap   total 53248K, used 21007K [0x0000000704e00000, 0x0000000800000000)
  region size 2048K, 6 young (12288K), 2 survivors (4096K)
 Metaspace       used 35309K, capacity 35790K, committed 35840K, reserved 1081344K
  class space    used 4301K, capacity 4467K, committed 4480K, reserved 1048576K
}
Event: 1.972 GC heap after
{Heap after GC invocations=12 (full 0):
 garbage-first heap   total 53248K, used 15507K [0x0000000704e00000, 0x0000000800000000)
  region size 2048K, 1 young (2048K), 1 survivors (2048K)
 Metaspace       used 35309K, capacity 35790K, committed 35840K, reserved 1081344K
  class space    used 4301K, capacity 4467K, committed 4480K, reserved 1048576K
}
Event: 2.015 GC heap before
{Heap before GC invocations=13 (full 0):
 garbage-first heap   total 53248K, used 33939K [0x0000000704e00000, 0x0000000800000000)
  region size 2048K, 11 young (22528K), 1 survivors (2048K)
 Metaspace       used 35446K, capacity 35918K, committed 36096K, reserved 1081344K
  class space    used 4322K, capacity 4467K, committed 4480K, reserved 1048576K
}
Event: 2.016 GC heap after
{Heap after GC invocations=14 (full 0):
 garbage-first heap   total 155648K, used 15683K [0x0000000704e00000, 0x0000000800000000)
  region size 2048K, 1 young (2048K), 1 survivors (2048K)
 Metaspace       used 35446K, capacity 35918K, committed 36096K, reserved 1081344K
  class space    used 4322K, capacity 4467K, committed 4480K, reserved 1048576K
}
Event: 2.271 GC heap before
{Heap before GC invocations=14 (full 0):
 garbage-first heap   total 155648K, used 103747K [0x0000000704e00000, 0x0000000800000000)
  region size 2048K, 45 young (92160K), 1 survivors (2048K)
 Metaspace       used 38976K, capacity 39465K, committed 39680K, reserved 1083392K
  class space    used 4683K, capacity 4841K, committed 4864K, reserved 1048576K
}
Event: 2.273 GC heap after
{Heap after GC invocations=15 (full 0):
 garbage-first heap   total 155648K, used 17256K [0x0000000704e00000, 0x0000000800000000)
  region size 2048K, 2 young (4096K), 2 survivors (4096K)
 Metaspace       used 38976K, capacity 39465K, committed 39680K, reserved 1083392K
  class space    used 4683K, capacity 4841K, committed 4864K, reserved 1048576K
}
Event: 2.789 GC heap before
{Heap before GC invocations=15 (full 0):
 garbage-first heap   total 155648K, used 105320K [0x0000000704e00000, 0x0000000800000000)
  region size 2048K, 45 young (92160K), 2 survivors (4096K)
 Metaspace       used 51220K, capacity 51793K, committed 51968K, reserved 1095680K
  class space    used 6398K, capacity 6553K, committed 6656K, reserved 1048576K
}
Event: 2.793 GC heap after
{Heap after GC invocations=16 (full 0):
 garbage-first heap   total 155648K, used 21650K [0x0000000704e00000, 0x0000000800000000)
  region size 2048K, 4 young (8192K), 4 survivors (8192K)
 Metaspace       used 51220K, capacity 51793K, committed 51968K, reserved 1095680K
  class space    used 6398K, capacity 6553K, committed 6656K, reserved 1048576K
}
Event: 3.163 GC heap before
{Heap before GC invocations=16 (full 0):
 garbage-first heap   total 155648K, used 83090K [0x0000000704e00000, 0x0000000800000000)
  region size 2048K, 35 young (71680K), 4 survivors (8192K)
 Metaspace       used 59486K, capacity 60068K, committed 60160K, reserved 1101824K
  class space    used 7592K, capacity 7789K, committed 7808K, reserved 1048576K
}
Event: 3.167 GC heap after
{Heap after GC invocations=17 (full 0):
 garbage-first heap   total 155648K, used 25155K [0x0000000704e00000, 0x0000000800000000)
  region size 2048K, 5 young (10240K), 5 survivors (10240K)
 Metaspace       used 59486K, capacity 60068K, committed 60160K, reserved 1101824K
  class space    used 7592K, capacity 7789K, committed 7808K, reserved 1048576K
}
Event: 7.830 GC heap before
{Heap before GC invocations=18 (full 0):
 garbage-first heap   total 102400K, used 76355K [0x0000000704e00000, 0x0000000800000000)
  region size 2048K, 30 young (61440K), 5 survivors (10240K)
 Metaspace       used 62967K, capacity 63640K, committed 63744K, reserved 1103872K
  class space    used 8115K, capacity 8356K, committed 8448K, reserved 1048576K
}
Event: 7.833 GC heap after
{Heap after GC invocations=19 (full 0):
 garbage-first heap   total 122880K, used 28198K [0x0000000704e00000, 0x0000000800000000)
  region size 2048K, 4 young (8192K), 4 survivors (8192K)
 Metaspace       used 62967K, capacity 63640K, committed 63744K, reserved 1103872K
  class space    used 8115K, capacity 8356K, committed 8448K, reserved 1048576K
}
Event: 14.849 GC heap before
{Heap before GC invocations=19 (full 0):
 garbage-first heap   total 122880K, used 91686K [0x0000000704e00000, 0x0000000800000000)
  region size 2048K, 36 young (73728K), 4 survivors (8192K)
 Metaspace       used 71666K, capacity 72312K, committed 72448K, reserved 1112064K
  class space    used 8917K, capacity 9156K, committed 9216K, reserved 1048576K
}
Event: 14.854 GC heap after
{Heap after GC invocations=20 (full 0):
 garbage-first heap   total 122880K, used 31889K [0x0000000704e00000, 0x0000000800000000)
  region size 2048K, 4 young (8192K), 4 survivors (8192K)
 Metaspace       used 71666K, capacity 72312K, committed 72448K, reserved 1112064K
  class space    used 8917K, capacity 9156K, committed 9216K, reserved 1048576K
}
Event: 83.195 GC heap before
{Heap before GC invocations=20 (full 0):
 garbage-first heap   total 122880K, used 50321K [0x0000000704e00000, 0x0000000800000000)
  region size 2048K, 14 young (28672K), 4 survivors (8192K)
 Metaspace       used 73477K, capacity 74119K, committed 74240K, reserved 1114112K
  class space    used 9130K, capacity 9353K, committed 9472K, reserved 1048576K
}
Event: 83.212 GC heap after
{Heap after GC invocations=21 (full 1):
 garbage-first heap   total 102400K, used 26226K [0x0000000704e00000, 0x0000000800000000)
  region size 2048K, 0 young (0K), 0 survivors (0K)
 Metaspace       used 73447K, capacity 74049K, committed 74240K, reserved 1114112K
  class space    used 9129K, capacity 9351K, committed 9472K, reserved 1048576K
}
Event: 83.305 GC heap before
{Heap before GC invocations=21 (full 1):
 garbage-first heap   total 102400K, used 75378K [0x0000000704e00000, 0x0000000800000000)
  region size 2048K, 25 young (51200K), 0 survivors (0K)
 Metaspace       used 73478K, capacity 74199K, committed 74496K, reserved 1114112K
  class space    used 9135K, capacity 9357K, committed 9472K, reserved 1048576K
}
Event: 83.307 GC heap after
{Heap after GC invocations=22 (full 1):
 garbage-first heap   total 102400K, used 28691K [0x0000000704e00000, 0x0000000800000000)
  region size 2048K, 2 young (4096K), 2 survivors (4096K)
 Metaspace       used 73478K, capacity 74199K, committed 74496K, reserved 1114112K
  class space    used 9135K, capacity 9357K, committed 9472K, reserved 1048576K
}
Event: 83.419 GC heap before
{Heap before GC invocations=22 (full 1):
 garbage-first heap   total 102400K, used 75795K [0x0000000704e00000, 0x0000000800000000)
  region size 2048K, 26 young (53248K), 2 survivors (4096K)
 Metaspace       used 73667K, capacity 74427K, committed 74496K, reserved 1114112K
  class space    used 9154K, capacity 9403K, committed 9472K, reserved 1048576K
}
Event: 83.420 GC heap after
{Heap after GC invocations=23 (full 1):
 garbage-first heap   total 102400K, used 30156K [0x0000000704e00000, 0x0000000800000000)
  region size 2048K, 2 young (4096K), 2 survivors (4096K)
 Metaspace       used 73667K, capacity 74427K, committed 74496K, reserved 1114112K
  class space    used 9154K, capacity 9403K, committed 9472K, reserved 1048576K
}

