# JRE version: OpenJDK Runtime Environment (15.0+36) (build 15+36-1562)
# Java VM: OpenJDK 64-Bit Server VM (15+36-1562, mixed mode, tiered, compressed oops, g1 gc, windows-amd64)
GC Precious Log:
 CPUs: 32 total, 32 available
 Memory: 16070M
 Large Page Support: Disabled
 NUMA Support: Disabled
 Compressed Oops: Enabled (Zero based)
 Heap Region Size: 2M
 Heap Min Capacity: 8M
 Heap Initial Capacity: 252M
 Heap Max Capacity: 4018M
 Pre-touch: Disabled
 Parallel Workers: 23
 Concurrent Workers: 6
 Concurrent Refinement Workers: 23
 Periodic GC: Disabled
Heap:
 garbage-first heap   total 129024K, used 45350K [0x0000000704e00000, 0x0000000800000000)
  region size 2048K, 12 young (24576K), 3 survivors (6144K)
 Metaspace       used 72801K, capacity 73548K, committed 73856K, reserved 1114112K
  class space    used 9016K, capacity 9251K, committed 9344K, reserved 1048576K
GC Heap History (20 events):
Event: 0.639 GC heap before
{Heap before GC invocations=5 (full 0):
 garbage-first heap   total 49152K, used 33370K [0x0000000704e00000, 0x0000000800000000)
  region size 2048K, 14 young (28672K), 2 survivors (4096K)
 Metaspace       used 24357K, capacity 24621K, committed 24704K, reserved 1071104K
  class space    used 2767K, capacity 2878K, committed 2944K, reserved 1048576K
}
Event: 0.641 GC heap after
{Heap after GC invocations=6 (full 0):
 garbage-first heap   total 153600K, used 9486K [0x0000000704e00000, 0x0000000800000000)
  region size 2048K, 2 young (4096K), 2 survivors (4096K)
 Metaspace       used 24357K, capacity 24621K, committed 24704K, reserved 1071104K
  class space    used 2767K, capacity 2878K, committed 2944K, reserved 1048576K
}
Event: 0.857 GC heap before
{Heap before GC invocations=6 (full 0):
 garbage-first heap   total 153600K, used 95502K [0x0000000704e00000, 0x0000000800000000)
  region size 2048K, 45 young (92160K), 2 survivors (4096K)
 Metaspace       used 28705K, capacity 29065K, committed 29184K, reserved 1075200K
  class space    used 3355K, capacity 3473K, committed 3584K, reserved 1048576K
}
Event: 0.859 GC heap after
{Heap after GC invocations=7 (full 0):
 garbage-first heap   total 153600K, used 11415K [0x0000000704e00000, 0x0000000800000000)
  region size 2048K, 3 young (6144K), 3 survivors (6144K)
 Metaspace       used 28705K, capacity 29065K, committed 29184K, reserved 1075200K
  class space    used 3355K, capacity 3473K, committed 3584K, reserved 1048576K
}
Event: 1.151 GC heap before
{Heap before GC invocations=7 (full 0):
 garbage-first heap   total 153600K, used 70807K [0x0000000704e00000, 0x0000000800000000)
  region size 2048K, 33 young (67584K), 3 survivors (6144K)
 Metaspace       used 35300K, capacity 35790K, committed 35840K, reserved 1081344K
  class space    used 4300K, capacity 4467K, committed 4480K, reserved 1048576K
}
Event: 1.154 GC heap after
{Heap after GC invocations=8 (full 0):
 garbage-first heap   total 153600K, used 15310K [0x0000000704e00000, 0x0000000800000000)
  region size 2048K, 5 young (10240K), 5 survivors (10240K)
 Metaspace       used 35300K, capacity 35790K, committed 35840K, reserved 1081344K
  class space    used 4300K, capacity 4467K, committed 4480K, reserved 1048576K
}
Event: 1.232 GC heap before
{Heap before GC invocations=9 (full 0):
 garbage-first heap   total 75776K, used 68558K [0x0000000704e00000, 0x0000000800000000)
  region size 2048K, 32 young (65536K), 5 survivors (10240K)
 Metaspace       used 37183K, capacity 37614K, committed 37760K, reserved 1083392K
  class space    used 4490K, capacity 4627K, committed 4736K, reserved 1048576K
}
Event: 1.236 GC heap after
{Heap after GC invocations=10 (full 0):
 garbage-first heap   total 88064K, used 16835K [0x0000000704e00000, 0x0000000800000000)
  region size 2048K, 4 young (8192K), 4 survivors (8192K)
 Metaspace       used 37183K, capacity 37614K, committed 37760K, reserved 1083392K
  class space    used 4490K, capacity 4627K, committed 4736K, reserved 1048576K
}
Event: 1.271 GC heap before
{Heap before GC invocations=10 (full 0):
 garbage-first heap   total 88064K, used 57795K [0x0000000704e00000, 0x0000000800000000)
  region size 2048K, 25 young (51200K), 4 survivors (8192K)
 Metaspace       used 37487K, capacity 37902K, committed 38016K, reserved 1083392K
  class space    used 4527K, capacity 4659K, committed 4736K, reserved 1048576K
}
Event: 1.273 GC heap after
{Heap after GC invocations=11 (full 0):
 garbage-first heap   total 106496K, used 17397K [0x0000000704e00000, 0x0000000800000000)
  region size 2048K, 2 young (4096K), 2 survivors (4096K)
 Metaspace       used 37487K, capacity 37902K, committed 38016K, reserved 1083392K
  class space    used 4527K, capacity 4659K, committed 4736K, reserved 1048576K
}
Event: 1.580 GC heap before
{Heap before GC invocations=11 (full 0):
 garbage-first heap   total 106496K, used 76789K [0x0000000704e00000, 0x0000000800000000)
  region size 2048K, 31 young (63488K), 2 survivors (4096K)
 Metaspace       used 44974K, capacity 45515K, committed 45824K, reserved 1089536K
  class space    used 5598K, capacity 5783K, committed 5888K, reserved 1048576K
}
Event: 1.582 GC heap after
{Heap after GC invocations=12 (full 0):
 garbage-first heap   total 106496K, used 19119K [0x0000000704e00000, 0x0000000800000000)
  region size 2048K, 2 young (4096K), 2 survivors (4096K)
 Metaspace       used 44974K, capacity 45515K, committed 45824K, reserved 1089536K
  class space    used 5598K, capacity 5783K, committed 5888K, reserved 1048576K
}
Event: 1.872 GC heap before
{Heap before GC invocations=12 (full 0):
 garbage-first heap   total 106496K, used 78511K [0x0000000704e00000, 0x0000000800000000)
  region size 2048K, 31 young (63488K), 2 survivors (4096K)
 Metaspace       used 54071K, capacity 54630K, committed 54912K, reserved 1097728K
  class space    used 6768K, capacity 6941K, committed 7040K, reserved 1048576K
}
Event: 1.874 GC heap after
{Heap after GC invocations=13 (full 0):
 garbage-first heap   total 106496K, used 22769K [0x0000000704e00000, 0x0000000800000000)
  region size 2048K, 4 young (8192K), 4 survivors (8192K)
 Metaspace       used 54071K, capacity 54630K, committed 54912K, reserved 1097728K
  class space    used 6768K, capacity 6941K, committed 7040K, reserved 1048576K
}
Event: 2.093 GC heap before
{Heap before GC invocations=13 (full 0):
 garbage-first heap   total 106496K, used 63729K [0x0000000704e00000, 0x0000000800000000)
  region size 2048K, 25 young (51200K), 4 survivors (8192K)
 Metaspace       used 59510K, capacity 60068K, committed 60160K, reserved 1101824K
  class space    used 7592K, capacity 7789K, committed 7808K, reserved 1048576K
}
Event: 2.097 GC heap after
{Heap after GC invocations=14 (full 0):
 garbage-first heap   total 106496K, used 25144K [0x0000000704e00000, 0x0000000800000000)
  region size 2048K, 4 young (8192K), 4 survivors (8192K)
 Metaspace       used 59510K, capacity 60068K, committed 60160K, reserved 1101824K
  class space    used 7592K, capacity 7789K, committed 7808K, reserved 1048576K
}
Event: 6.902 GC heap before
{Heap before GC invocations=15 (full 0):
 garbage-first heap   total 106496K, used 80440K [0x0000000704e00000, 0x0000000800000000)
  region size 2048K, 31 young (63488K), 4 survivors (8192K)
 Metaspace       used 64205K, capacity 64893K, committed 65152K, reserved 1105920K
  class space    used 8251K, capacity 8478K, committed 8576K, reserved 1048576K
}
Event: 6.904 GC heap after
{Heap after GC invocations=16 (full 0):
 garbage-first heap   total 129024K, used 28373K [0x0000000704e00000, 0x0000000800000000)
  region size 2048K, 3 young (6144K), 3 survivors (6144K)
 Metaspace       used 64205K, capacity 64893K, committed 65152K, reserved 1105920K
  class space    used 8251K, capacity 8478K, committed 8576K, reserved 1048576K
}
Event: 263.930 GC heap before
{Heap before GC invocations=16 (full 0):
 garbage-first heap   total 129024K, used 95957K [0x0000000704e00000, 0x0000000800000000)
  region size 2048K, 37 young (75776K), 3 survivors (6144K)
 Metaspace       used 72239K, capacity 72902K, committed 72960K, reserved 1114112K
  class space    used 8963K, capacity 9185K, committed 9216K, reserved 1048576K
}
Event: 263.939 GC heap after
{Heap after GC invocations=17 (full 0):
 garbage-first heap   total 129024K, used 31014K [0x0000000704e00000, 0x0000000800000000)
  region size 2048K, 3 young (6144K), 3 survivors (6144K)
 Metaspace       used 72239K, capacity 72902K, committed 72960K, reserved 1114112K
  class space    used 8963K, capacity 9185K, committed 9216K, reserved 1048576K
}

