# JRE version: OpenJDK Runtime Environment (15.0+36) (build 15+36-1562)
# Java VM: OpenJDK 64-Bit Server VM (15+36-1562, mixed mode, tiered, compressed oops, g1 gc, windows-amd64)
GC Precious Log:
 CPUs: 32 total, 32 available
 Memory: 16070M
 Large Page Support: Disabled
 NUMA Support: Disabled
 Compressed Oops: Enabled (Zero based)
 Heap Region Size: 2M
 Heap Min Capacity: 8M
 Heap Initial Capacity: 252M
 Heap Max Capacity: 4018M
 Pre-touch: Disabled
 Parallel Workers: 23
 Concurrent Workers: 6
 Concurrent Refinement Workers: 23
 Periodic GC: Disabled
Heap:
 garbage-first heap   total 122880K, used 35951K [0x0000000704e00000, 0x0000000800000000)
  region size 2048K, 4 young (8192K), 1 survivors (2048K)
 Metaspace       used 73937K, capacity 74644K, committed 74752K, reserved 1114112K
  class space    used 9179K, capacity 9381K, committed 9472K, reserved 1048576K
GC Heap History (20 events):
Event: 27803.674 GC heap before
{Heap before GC invocations=29 (full 0):
 garbage-first heap   total 122880K, used 99223K [0x0000000704e00000, 0x0000000800000000)
  region size 2048K, 35 young (71680K), 2 survivors (4096K)
 Metaspace       used 73910K, capacity 74570K, committed 74752K, reserved 1114112K
  class space    used 9175K, capacity 9379K, committed 9472K, reserved 1048576K
}
Event: 27803.688 GC heap after
{Heap after GC invocations=30 (full 0):
 garbage-first heap   total 122880K, used 31616K [0x0000000704e00000, 0x0000000800000000)
  region size 2048K, 2 young (4096K), 2 survivors (4096K)
 Metaspace       used 73910K, capacity 74570K, committed 74752K, reserved 1114112K
  class space    used 9175K, capacity 9379K, committed 9472K, reserved 1048576K
}
Event: 31604.646 GC heap before
{Heap before GC invocations=30 (full 0):
 garbage-first heap   total 122880K, used 101248K [0x0000000704e00000, 0x0000000800000000)
  region size 2048K, 36 young (73728K), 2 survivors (4096K)
 Metaspace       used 73910K, capacity 74570K, committed 74752K, reserved 1114112K
  class space    used 9175K, capacity 9379K, committed 9472K, reserved 1048576K
}
Event: 31604.664 GC heap after
{Heap after GC invocations=31 (full 0):
 garbage-first heap   total 122880K, used 31286K [0x0000000704e00000, 0x0000000800000000)
  region size 2048K, 2 young (4096K), 2 survivors (4096K)
 Metaspace       used 73910K, capacity 74570K, committed 74752K, reserved 1114112K
  class space    used 9175K, capacity 9379K, committed 9472K, reserved 1048576K
}
Event: 35401.267 GC heap before
{Heap before GC invocations=31 (full 0):
 garbage-first heap   total 122880K, used 100918K [0x0000000704e00000, 0x0000000800000000)
  region size 2048K, 36 young (73728K), 2 survivors (4096K)
 Metaspace       used 73910K, capacity 74570K, committed 74752K, reserved 1114112K
  class space    used 9175K, capacity 9379K, committed 9472K, reserved 1048576K
}
Event: 35401.285 GC heap after
{Heap after GC invocations=32 (full 0):
 garbage-first heap   total 122880K, used 31649K [0x0000000704e00000, 0x0000000800000000)
  region size 2048K, 2 young (4096K), 2 survivors (4096K)
 Metaspace       used 73910K, capacity 74570K, committed 74752K, reserved 1114112K
  class space    used 9175K, capacity 9379K, committed 9472K, reserved 1048576K
}
Event: 39116.200 GC heap before
{Heap before GC invocations=32 (full 0):
 garbage-first heap   total 122880K, used 101281K [0x0000000704e00000, 0x0000000800000000)
  region size 2048K, 36 young (73728K), 2 survivors (4096K)
 Metaspace       used 73910K, capacity 74570K, committed 74752K, reserved 1114112K
  class space    used 9175K, capacity 9379K, committed 9472K, reserved 1048576K
}
Event: 39116.213 GC heap after
{Heap after GC invocations=33 (full 0):
 garbage-first heap   total 122880K, used 31701K [0x0000000704e00000, 0x0000000800000000)
  region size 2048K, 2 young (4096K), 2 survivors (4096K)
 Metaspace       used 73910K, capacity 74570K, committed 74752K, reserved 1114112K
  class space    used 9175K, capacity 9379K, committed 9472K, reserved 1048576K
}
Event: 42877.126 GC heap before
{Heap before GC invocations=33 (full 0):
 garbage-first heap   total 122880K, used 101333K [0x0000000704e00000, 0x0000000800000000)
  region size 2048K, 36 young (73728K), 2 survivors (4096K)
 Metaspace       used 73910K, capacity 74570K, committed 74752K, reserved 1114112K
  class space    used 9175K, capacity 9379K, committed 9472K, reserved 1048576K
}
Event: 42877.150 GC heap after
{Heap after GC invocations=34 (full 0):
 garbage-first heap   total 122880K, used 31708K [0x0000000704e00000, 0x0000000800000000)
  region size 2048K, 2 young (4096K), 2 survivors (4096K)
 Metaspace       used 73910K, capacity 74570K, committed 74752K, reserved 1114112K
  class space    used 9175K, capacity 9379K, committed 9472K, reserved 1048576K
}
Event: 46672.319 GC heap before
{Heap before GC invocations=34 (full 0):
 garbage-first heap   total 122880K, used 101340K [0x0000000704e00000, 0x0000000800000000)
  region size 2048K, 36 young (73728K), 2 survivors (4096K)
 Metaspace       used 73910K, capacity 74570K, committed 74752K, reserved 1114112K
  class space    used 9175K, capacity 9379K, committed 9472K, reserved 1048576K
}
Event: 46672.330 GC heap after
{Heap after GC invocations=35 (full 0):
 garbage-first heap   total 122880K, used 31527K [0x0000000704e00000, 0x0000000800000000)
  region size 2048K, 2 young (4096K), 2 survivors (4096K)
 Metaspace       used 73910K, capacity 74570K, committed 74752K, reserved 1114112K
  class space    used 9175K, capacity 9379K, committed 9472K, reserved 1048576K
}
Event: 50440.970 GC heap before
{Heap before GC invocations=35 (full 0):
 garbage-first heap   total 122880K, used 101159K [0x0000000704e00000, 0x0000000800000000)
  region size 2048K, 36 young (73728K), 2 survivors (4096K)
 Metaspace       used 73910K, capacity 74570K, committed 74752K, reserved 1114112K
  class space    used 9175K, capacity 9379K, committed 9472K, reserved 1048576K
}
Event: 50440.979 GC heap after
{Heap after GC invocations=36 (full 0):
 garbage-first heap   total 122880K, used 31360K [0x0000000704e00000, 0x0000000800000000)
  region size 2048K, 2 young (4096K), 2 survivors (4096K)
 Metaspace       used 73910K, capacity 74570K, committed 74752K, reserved 1114112K
  class space    used 9175K, capacity 9379K, committed 9472K, reserved 1048576K
}
Event: 54195.331 GC heap before
{Heap before GC invocations=36 (full 0):
 garbage-first heap   total 122880K, used 100992K [0x0000000704e00000, 0x0000000800000000)
  region size 2048K, 36 young (73728K), 2 survivors (4096K)
 Metaspace       used 73910K, capacity 74570K, committed 74752K, reserved 1114112K
  class space    used 9175K, capacity 9379K, committed 9472K, reserved 1048576K
}
Event: 54195.342 GC heap after
{Heap after GC invocations=37 (full 0):
 garbage-first heap   total 122880K, used 31584K [0x0000000704e00000, 0x0000000800000000)
  region size 2048K, 1 young (2048K), 1 survivors (2048K)
 Metaspace       used 73910K, capacity 74570K, committed 74752K, reserved 1114112K
  class space    used 9175K, capacity 9379K, committed 9472K, reserved 1048576K
}
Event: 57948.216 GC heap before
{Heap before GC invocations=37 (full 0):
 garbage-first heap   total 122880K, used 101216K [0x0000000704e00000, 0x0000000800000000)
  region size 2048K, 35 young (71680K), 1 survivors (2048K)
 Metaspace       used 73910K, capacity 74570K, committed 74752K, reserved 1114112K
  class space    used 9175K, capacity 9379K, committed 9472K, reserved 1048576K
}
Event: 57948.234 GC heap after
{Heap after GC invocations=38 (full 0):
 garbage-first heap   total 122880K, used 31593K [0x0000000704e00000, 0x0000000800000000)
  region size 2048K, 1 young (2048K), 1 survivors (2048K)
 Metaspace       used 73910K, capacity 74570K, committed 74752K, reserved 1114112K
  class space    used 9175K, capacity 9379K, committed 9472K, reserved 1048576K
}
Event: 61543.983 GC heap before
{Heap before GC invocations=38 (full 0):
 garbage-first heap   total 122880K, used 99177K [0x0000000704e00000, 0x0000000800000000)
  region size 2048K, 35 young (71680K), 1 survivors (2048K)
 Metaspace       used 73929K, capacity 74634K, committed 74752K, reserved 1114112K
  class space    used 9178K, capacity 9379K, committed 9472K, reserved 1048576K
}
Event: 61543.992 GC heap after
{Heap after GC invocations=39 (full 0):
 garbage-first heap   total 122880K, used 31855K [0x0000000704e00000, 0x0000000800000000)
  region size 2048K, 1 young (2048K), 1 survivors (2048K)
 Metaspace       used 73929K, capacity 74634K, committed 74752K, reserved 1114112K
  class space    used 9178K, capacity 9379K, committed 9472K, reserved 1048576K
}

