# JRE version: OpenJDK Runtime Environment (15.0+36) (build 15+36-1562)
# Java VM: OpenJDK 64-Bit Server VM (15+36-1562, mixed mode, tiered, compressed oops, g1 gc, windows-amd64)
GC Precious Log:
 CPUs: 32 total, 32 available
 Memory: 16070M
 Large Page Support: Disabled
 NUMA Support: Disabled
 Compressed Oops: Enabled (Zero based)
 Heap Region Size: 2M
 Heap Min Capacity: 8M
 Heap Initial Capacity: 252M
 Heap Max Capacity: 4018M
 Pre-touch: Disabled
 Parallel Workers: 23
 Concurrent Workers: 6
 Concurrent Refinement Workers: 23
 Periodic GC: Disabled
Heap:
 garbage-first heap   total 102400K, used 55512K [0x0000000704e00000, 0x0000000800000000)
  region size 2048K, 18 young (36864K), 4 survivors (8192K)
 Metaspace       used 73237K, capacity 73945K, committed 74112K, reserved 1114112K
  class space    used 9095K, capacity 9318K, committed 9344K, reserved 1048576K
GC Heap History (20 events):
Event: 0.882 GC heap before
{Heap before GC invocations=6 (full 0):
 garbage-first heap   total 155648K, used 95677K [0x0000000704e00000, 0x0000000800000000)
  region size 2048K, 45 young (92160K), 2 survivors (4096K)
 Metaspace       used 29874K, capacity 30301K, committed 30592K, reserved 1077248K
  class space    used 3527K, capacity 3668K, committed 3712K, reserved 1048576K
}
Event: 0.885 GC heap after
{Heap after GC invocations=7 (full 0):
 garbage-first heap   total 155648K, used 11924K [0x0000000704e00000, 0x0000000800000000)
  region size 2048K, 3 young (6144K), 3 survivors (6144K)
 Metaspace       used 29874K, capacity 30301K, committed 30592K, reserved 1077248K
  class space    used 3527K, capacity 3668K, committed 3712K, reserved 1048576K
}
Event: 1.134 GC heap before
{Heap before GC invocations=7 (full 0):
 garbage-first heap   total 155648K, used 61076K [0x0000000704e00000, 0x0000000800000000)
  region size 2048K, 28 young (57344K), 3 survivors (6144K)
 Metaspace       used 35311K, capacity 35790K, committed 35840K, reserved 1081344K
  class space    used 4303K, capacity 4467K, committed 4480K, reserved 1048576K
}
Event: 1.137 GC heap after
{Heap after GC invocations=8 (full 0):
 garbage-first heap   total 155648K, used 15222K [0x0000000704e00000, 0x0000000800000000)
  region size 2048K, 5 young (10240K), 5 survivors (10240K)
 Metaspace       used 35311K, capacity 35790K, committed 35840K, reserved 1081344K
  class space    used 4303K, capacity 4467K, committed 4480K, reserved 1048576K
}
Event: 1.216 GC heap before
{Heap before GC invocations=9 (full 0):
 garbage-first heap   total 69632K, used 64374K [0x0000000704e00000, 0x0000000800000000)
  region size 2048K, 30 young (61440K), 5 survivors (10240K)
 Metaspace       used 37187K, capacity 37614K, committed 37760K, reserved 1083392K
  class space    used 4490K, capacity 4627K, committed 4736K, reserved 1048576K
}
Event: 1.220 GC heap after
{Heap after GC invocations=10 (full 0):
 garbage-first heap   total 81920K, used 16594K [0x0000000704e00000, 0x0000000800000000)
  region size 2048K, 4 young (8192K), 4 survivors (8192K)
 Metaspace       used 37187K, capacity 37614K, committed 37760K, reserved 1083392K
  class space    used 4490K, capacity 4627K, committed 4736K, reserved 1048576K
}
Event: 1.228 GC heap before
{Heap before GC invocations=10 (full 0):
 garbage-first heap   total 81920K, used 55506K [0x0000000704e00000, 0x0000000800000000)
  region size 2048K, 24 young (49152K), 4 survivors (8192K)
 Metaspace       used 37187K, capacity 37614K, committed 37760K, reserved 1083392K
  class space    used 4490K, capacity 4627K, committed 4736K, reserved 1048576K
}
Event: 1.230 GC heap after
{Heap after GC invocations=11 (full 0):
 garbage-first heap   total 98304K, used 17185K [0x0000000704e00000, 0x0000000800000000)
  region size 2048K, 2 young (4096K), 2 survivors (4096K)
 Metaspace       used 37187K, capacity 37614K, committed 37760K, reserved 1083392K
  class space    used 4490K, capacity 4627K, committed 4736K, reserved 1048576K
}
Event: 1.495 GC heap before
{Heap before GC invocations=11 (full 0):
 garbage-first heap   total 98304K, used 68385K [0x0000000704e00000, 0x0000000800000000)
  region size 2048K, 28 young (57344K), 2 survivors (4096K)
 Metaspace       used 43385K, capacity 43949K, committed 44160K, reserved 1087488K
  class space    used 5295K, capacity 5458K, committed 5504K, reserved 1048576K
}
Event: 1.497 GC heap after
{Heap after GC invocations=12 (full 0):
 garbage-first heap   total 98304K, used 18544K [0x0000000704e00000, 0x0000000800000000)
  region size 2048K, 2 young (4096K), 2 survivors (4096K)
 Metaspace       used 43385K, capacity 43949K, committed 44160K, reserved 1087488K
  class space    used 5295K, capacity 5458K, committed 5504K, reserved 1048576K
}
Event: 1.749 GC heap before
{Heap before GC invocations=12 (full 0):
 garbage-first heap   total 98304K, used 69744K [0x0000000704e00000, 0x0000000800000000)
  region size 2048K, 28 young (57344K), 2 survivors (4096K)
 Metaspace       used 51383K, capacity 51929K, committed 52224K, reserved 1095680K
  class space    used 6420K, capacity 6581K, committed 6656K, reserved 1048576K
}
Event: 1.752 GC heap after
{Heap after GC invocations=13 (full 0):
 garbage-first heap   total 98304K, used 21448K [0x0000000704e00000, 0x0000000800000000)
  region size 2048K, 4 young (8192K), 4 survivors (8192K)
 Metaspace       used 51383K, capacity 51929K, committed 52224K, reserved 1095680K
  class space    used 6420K, capacity 6581K, committed 6656K, reserved 1048576K
}
Event: 1.989 GC heap before
{Heap before GC invocations=13 (full 0):
 garbage-first heap   total 98304K, used 70600K [0x0000000704e00000, 0x0000000800000000)
  region size 2048K, 28 young (57344K), 4 survivors (8192K)
 Metaspace       used 57746K, capacity 58345K, committed 58624K, reserved 1099776K
  class space    used 7360K, capacity 7560K, committed 7680K, reserved 1048576K
}
Event: 1.993 GC heap after
{Heap after GC invocations=14 (full 0):
 garbage-first heap   total 98304K, used 24079K [0x0000000704e00000, 0x0000000800000000)
  region size 2048K, 3 young (6144K), 3 survivors (6144K)
 Metaspace       used 57746K, capacity 58345K, committed 58624K, reserved 1099776K
  class space    used 7360K, capacity 7560K, committed 7680K, reserved 1048576K
}
Event: 2.052 GC heap before
{Heap before GC invocations=14 (full 0):
 garbage-first heap   total 98304K, used 34319K [0x0000000704e00000, 0x0000000800000000)
  region size 2048K, 9 young (18432K), 3 survivors (6144K)
 Metaspace       used 59454K, capacity 60044K, committed 60160K, reserved 1101824K
  class space    used 7589K, capacity 7785K, committed 7808K, reserved 1048576K
}
Event: 2.055 GC heap after
{Heap after GC invocations=15 (full 0):
 garbage-first heap   total 118784K, used 25147K [0x0000000704e00000, 0x0000000800000000)
  region size 2048K, 2 young (4096K), 2 survivors (4096K)
 Metaspace       used 59454K, capacity 60044K, committed 60160K, reserved 1101824K
  class space    used 7589K, capacity 7785K, committed 7808K, reserved 1048576K
}
Event: 17.387 GC heap before
{Heap before GC invocations=16 (full 0):
 garbage-first heap   total 102400K, used 82491K [0x0000000704e00000, 0x0000000800000000)
  region size 2048K, 30 young (61440K), 2 survivors (4096K)
 Metaspace       used 63878K, capacity 64518K, committed 64768K, reserved 1105920K
  class space    used 8211K, capacity 8417K, committed 8448K, reserved 1048576K
}
Event: 17.391 GC heap after
{Heap after GC invocations=17 (full 0):
 garbage-first heap   total 102400K, used 28062K [0x0000000704e00000, 0x0000000800000000)
  region size 2048K, 4 young (8192K), 4 survivors (8192K)
 Metaspace       used 63878K, capacity 64518K, committed 64768K, reserved 1105920K
  class space    used 8211K, capacity 8417K, committed 8448K, reserved 1048576K
}
Event: 17.930 GC heap before
{Heap before GC invocations=17 (full 0):
 garbage-first heap   total 102400K, used 77214K [0x0000000704e00000, 0x0000000800000000)
  region size 2048K, 29 young (59392K), 4 survivors (8192K)
 Metaspace       used 71541K, capacity 72166K, committed 72448K, reserved 1112064K
  class space    used 8937K, capacity 9153K, committed 9216K, reserved 1048576K
}
Event: 17.933 GC heap after
{Heap after GC invocations=18 (full 0):
 garbage-first heap   total 102400K, used 30936K [0x0000000704e00000, 0x0000000800000000)
  region size 2048K, 4 young (8192K), 4 survivors (8192K)
 Metaspace       used 71541K, capacity 72166K, committed 72448K, reserved 1112064K
  class space    used 8937K, capacity 9153K, committed 9216K, reserved 1048576K
}

