# JRE version: OpenJDK Runtime Environment (15.0+36) (build 15+36-1562)
# Java VM: OpenJDK 64-Bit Server VM (15+36-1562, mixed mode, tiered, compressed oops, g1 gc, windows-amd64)
GC Precious Log:
 CPUs: 32 total, 32 available
 Memory: 16070M
 Large Page Support: Disabled
 NUMA Support: Disabled
 Compressed Oops: Enabled (Zero based)
 Heap Region Size: 2M
 Heap Min Capacity: 8M
 Heap Initial Capacity: 252M
 Heap Max Capacity: 4018M
 Pre-touch: Disabled
 Parallel Workers: 23
 Concurrent Workers: 6
 Concurrent Refinement Workers: 23
 Periodic GC: Disabled
Heap:
 garbage-first heap   total 102400K, used 63358K [0x0000000704e00000, 0x0000000800000000)
  region size 2048K, 22 young (45056K), 4 survivors (8192K)
 Metaspace       used 72793K, capacity 73557K, committed 73856K, reserved 1114112K
  class space    used 9015K, capacity 9254K, committed 9344K, reserved 1048576K
GC Heap History (20 events):
Event: 0.885 GC heap before
{Heap before GC invocations=6 (full 0):
 garbage-first heap   total 153600K, used 95538K [0x0000000704e00000, 0x0000000800000000)
  region size 2048K, 45 young (92160K), 2 survivors (4096K)
 Metaspace       used 29405K, capacity 29775K, committed 30080K, reserved 1075200K
  class space    used 3457K, capacity 3602K, committed 3712K, reserved 1048576K
}
Event: 0.888 GC heap after
{Heap after GC invocations=7 (full 0):
 garbage-first heap   total 153600K, used 11831K [0x0000000704e00000, 0x0000000800000000)
  region size 2048K, 3 young (6144K), 3 survivors (6144K)
 Metaspace       used 29405K, capacity 29775K, committed 30080K, reserved 1075200K
  class space    used 3457K, capacity 3602K, committed 3712K, reserved 1048576K
}
Event: 1.154 GC heap before
{Heap before GC invocations=7 (full 0):
 garbage-first heap   total 153600K, used 63031K [0x0000000704e00000, 0x0000000800000000)
  region size 2048K, 30 young (61440K), 3 survivors (6144K)
 Metaspace       used 35312K, capacity 35790K, committed 35840K, reserved 1081344K
  class space    used 4304K, capacity 4467K, committed 4480K, reserved 1048576K
}
Event: 1.158 GC heap after
{Heap after GC invocations=8 (full 0):
 garbage-first heap   total 153600K, used 15223K [0x0000000704e00000, 0x0000000800000000)
  region size 2048K, 5 young (10240K), 5 survivors (10240K)
 Metaspace       used 35312K, capacity 35790K, committed 35840K, reserved 1081344K
  class space    used 4304K, capacity 4467K, committed 4480K, reserved 1048576K
}
Event: 1.237 GC heap before
{Heap before GC invocations=9 (full 0):
 garbage-first heap   total 69632K, used 64375K [0x0000000704e00000, 0x0000000800000000)
  region size 2048K, 30 young (61440K), 5 survivors (10240K)
 Metaspace       used 37172K, capacity 37614K, committed 37760K, reserved 1083392K
  class space    used 4490K, capacity 4627K, committed 4736K, reserved 1048576K
}
Event: 1.241 GC heap after
{Heap after GC invocations=10 (full 0):
 garbage-first heap   total 81920K, used 16755K [0x0000000704e00000, 0x0000000800000000)
  region size 2048K, 4 young (8192K), 4 survivors (8192K)
 Metaspace       used 37172K, capacity 37614K, committed 37760K, reserved 1083392K
  class space    used 4490K, capacity 4627K, committed 4736K, reserved 1048576K
}
Event: 1.249 GC heap before
{Heap before GC invocations=10 (full 0):
 garbage-first heap   total 81920K, used 55667K [0x0000000704e00000, 0x0000000800000000)
  region size 2048K, 24 young (49152K), 4 survivors (8192K)
 Metaspace       used 37172K, capacity 37614K, committed 37760K, reserved 1083392K
  class space    used 4490K, capacity 4627K, committed 4736K, reserved 1048576K
}
Event: 1.251 GC heap after
{Heap after GC invocations=11 (full 0):
 garbage-first heap   total 98304K, used 16953K [0x0000000704e00000, 0x0000000800000000)
  region size 2048K, 1 young (2048K), 1 survivors (2048K)
 Metaspace       used 37172K, capacity 37614K, committed 37760K, reserved 1083392K
  class space    used 4490K, capacity 4627K, committed 4736K, reserved 1048576K
}
Event: 1.542 GC heap before
{Heap before GC invocations=11 (full 0):
 garbage-first heap   total 98304K, used 72249K [0x0000000704e00000, 0x0000000800000000)
  region size 2048K, 28 young (57344K), 1 survivors (2048K)
 Metaspace       used 43605K, capacity 44141K, committed 44288K, reserved 1087488K
  class space    used 5348K, capacity 5522K, committed 5632K, reserved 1048576K
}
Event: 1.545 GC heap after
{Heap after GC invocations=12 (full 0):
 garbage-first heap   total 98304K, used 18679K [0x0000000704e00000, 0x0000000800000000)
  region size 2048K, 2 young (4096K), 2 survivors (4096K)
 Metaspace       used 43605K, capacity 44141K, committed 44288K, reserved 1087488K
  class space    used 5348K, capacity 5522K, committed 5632K, reserved 1048576K
}
Event: 1.797 GC heap before
{Heap before GC invocations=12 (full 0):
 garbage-first heap   total 98304K, used 69879K [0x0000000704e00000, 0x0000000800000000)
  region size 2048K, 28 young (57344K), 2 survivors (4096K)
 Metaspace       used 51768K, capacity 52284K, committed 52480K, reserved 1095680K
  class space    used 6461K, capacity 6614K, committed 6656K, reserved 1048576K
}
Event: 1.800 GC heap after
{Heap after GC invocations=13 (full 0):
 garbage-first heap   total 98304K, used 21501K [0x0000000704e00000, 0x0000000800000000)
  region size 2048K, 4 young (8192K), 4 survivors (8192K)
 Metaspace       used 51768K, capacity 52284K, committed 52480K, reserved 1095680K
  class space    used 6461K, capacity 6614K, committed 6656K, reserved 1048576K
}
Event: 2.058 GC heap before
{Heap before GC invocations=13 (full 0):
 garbage-first heap   total 98304K, used 70653K [0x0000000704e00000, 0x0000000800000000)
  region size 2048K, 28 young (57344K), 4 survivors (8192K)
 Metaspace       used 58005K, capacity 58569K, committed 58880K, reserved 1099776K
  class space    used 7393K, capacity 7592K, committed 7680K, reserved 1048576K
}
Event: 2.061 GC heap after
{Heap after GC invocations=14 (full 0):
 garbage-first heap   total 98304K, used 24314K [0x0000000704e00000, 0x0000000800000000)
  region size 2048K, 3 young (6144K), 3 survivors (6144K)
 Metaspace       used 58005K, capacity 58569K, committed 58880K, reserved 1099776K
  class space    used 7393K, capacity 7592K, committed 7680K, reserved 1048576K
}
Event: 2.113 GC heap before
{Heap before GC invocations=14 (full 0):
 garbage-first heap   total 98304K, used 32506K [0x0000000704e00000, 0x0000000800000000)
  region size 2048K, 8 young (16384K), 3 survivors (6144K)
 Metaspace       used 59447K, capacity 60044K, committed 60160K, reserved 1101824K
  class space    used 7589K, capacity 7785K, committed 7808K, reserved 1048576K
}
Event: 2.116 GC heap after
{Heap after GC invocations=15 (full 0):
 garbage-first heap   total 118784K, used 24987K [0x0000000704e00000, 0x0000000800000000)
  region size 2048K, 2 young (4096K), 2 survivors (4096K)
 Metaspace       used 59447K, capacity 60044K, committed 60160K, reserved 1101824K
  class space    used 7589K, capacity 7785K, committed 7808K, reserved 1048576K
}
Event: 14.309 GC heap before
{Heap before GC invocations=16 (full 0):
 garbage-first heap   total 102400K, used 82331K [0x0000000704e00000, 0x0000000800000000)
  region size 2048K, 30 young (61440K), 2 survivors (4096K)
 Metaspace       used 63329K, capacity 63974K, committed 64256K, reserved 1105920K
  class space    used 8154K, capacity 8385K, committed 8448K, reserved 1048576K
}
Event: 14.311 GC heap after
{Heap after GC invocations=17 (full 0):
 garbage-first heap   total 102400K, used 27806K [0x0000000704e00000, 0x0000000800000000)
  region size 2048K, 4 young (8192K), 4 survivors (8192K)
 Metaspace       used 63329K, capacity 63974K, committed 64256K, reserved 1105920K
  class space    used 8154K, capacity 8385K, committed 8448K, reserved 1048576K
}
Event: 14.624 GC heap before
{Heap before GC invocations=17 (full 0):
 garbage-first heap   total 102400K, used 76958K [0x0000000704e00000, 0x0000000800000000)
  region size 2048K, 29 young (59392K), 4 survivors (8192K)
 Metaspace       used 70763K, capacity 71366K, committed 71552K, reserved 1112064K
  class space    used 8839K, capacity 9057K, committed 9088K, reserved 1048576K
}
Event: 14.627 GC heap after
{Heap after GC invocations=18 (full 0):
 garbage-first heap   total 102400K, used 30590K [0x0000000704e00000, 0x0000000800000000)
  region size 2048K, 4 young (8192K), 4 survivors (8192K)
 Metaspace       used 70763K, capacity 71366K, committed 71552K, reserved 1112064K
  class space    used 8839K, capacity 9057K, committed 9088K, reserved 1048576K
}

